<?xml version="1.0" encoding="UTF-8"?>
<!-- Generated by org.testng.reporters.JUnitReportReporter -->
<testsuite hostname="ANKIT-PC" name="com.crm.contactTest.CompaignTest" tests="1" failures="0" timestamp="22 Apr 2015 13:55:44 GMT" time="55.295" errors="0">
  <testcase name="LoginTest" time="55.295" classname="com.crm.contactTest.CompaignTest"/>
</testsuite> <!-- com.crm.contactTest.CompaignTest -->
