<?xml version="1.0" encoding="UTF-8"?>
<!-- Generated by org.testng.reporters.JUnitReportReporter -->
<testsuite hostname="ANKIT-PC" name="com.crm.MarketingandsalesTest.CompaignsTest" tests="3" failures="0" timestamp="16 May 2015 14:06:30 GMT" time="409.333" errors="0">
  <testcase name="DeleteCampaigns" time="131.643" classname="com.crm.MarketingandsalesTest.CompaignsTest"/>
  <testcase name="CreateCampaign" time="131.697" classname="com.crm.MarketingandsalesTest.CompaignsTest"/>
  <testcase name="ModifyCampaigns" time="145.993" classname="com.crm.MarketingandsalesTest.CompaignsTest"/>
</testsuite> <!-- com.crm.MarketingandsalesTest.CompaignsTest -->
