<?xml version="1.0" encoding="UTF-8"?>
<!-- Generated by org.testng.reporters.JUnitReportReporter -->
<testsuite hostname="ANKIT-PC" name="com.crm.contactModuleTest.ContactModuleTest" tests="1" failures="0" timestamp="24 Apr 2015 11:27:51 GMT" time="81.303" errors="0">
  <testcase name="DuplicateContact" time="81.303" classname="com.crm.contactModuleTest.ContactModuleTest"/>
</testsuite> <!-- com.crm.contactModuleTest.ContactModuleTest -->
