<?xml version="1.0" encoding="UTF-8"?>
<!-- Generated by org.testng.reporters.JUnitReportReporter -->
<testsuite hostname="ANKIT-PC" name="com.crm.contactModuleTest.CompaignsTest" tests="1" failures="0" timestamp="26 Apr 2015 06:48:21 GMT" time="236.439" errors="0">
  <testcase name="DeleteCampaigns" time="236.439" classname="com.crm.contactModuleTest.CompaignsTest"/>
</testsuite> <!-- com.crm.contactModuleTest.CompaignsTest -->
